[dotenv@17.3.1] injecting env (5) from .env -- tip: ⚙️  enable debug logging with { debug: true }
[dotenv@17.3.1] injecting env (0) from .env -- tip: 🔐 encrypt with Dotenvx: https://dotenvx.com
Retail Order & Inventory Analytics Platform server running on port 3000
View the Frontend Application at: http://localhost:3000
Backend API available at: http://localhost:3000/products
✅ Database connection verified successfully!
[ReportingRepository] Executing query on View_InventoryStatus
[ReportingRepository] Calling sp_GetDailySalesSummary(2026-02-12, 2026-03-14)
[ReportingRepository] Calling sp_GetProductPerformance()
[0mGET /reports/inventory [32m200[0m 21.805 ms - 1081[0m
[0mGET /reports/sales [32m200[0m 41.220 ms - 132[0m
[0mGET /reports/performance [32m200[0m 42.354 ms - 429[0m
[ReportingRepository] Executing query on View_InventoryStatus
[ReportingRepository] Calling sp_GetDailySalesSummary(2026-02-12, 2026-03-14)
[ReportingRepository] Calling sp_GetProductPerformance()
[0mGET /reports/inventory [32m200[0m 9.522 ms - 1081[0m
[0mGET /reports/sales [32m200[0m 10.423 ms - 132[0m
[0mGET /reports/performance [32m200[0m 11.218 ms - 429[0m
[0mGET / [32m200[0m 9.897 ms - 3096[0m
[0mGET /css/style.css [36m304[0m 3.165 ms - -[0m
[0mGET /js/api.js [36m304[0m 4.420 ms - -[0m
[0mGET /js/dashboard.js [36m304[0m 5.075 ms - -[0m
[0mGET /js/products.js [36m304[0m 5.339 ms - -[0m
[0mGET /js/inventory.js [36m304[0m 4.444 ms - -[0m
[0mGET /js/suppliers.js [36m304[0m 4.746 ms - -[0m
[0mGET /js/views.js [32m200[0m 15.237 ms - 18413[0m
[0mGET /js/reports.js [32m200[0m 8.626 ms - 3061[0m
[0mGET /js/orders.js [32m200[0m 7.901 ms - 6771[0m
[0mGET /js/router.js [32m200[0m 9.434 ms - 1934[0m
[ProductService] Fetching all products and merging supplier names
[InventoryService] Fetching inventory list and merging with product names
[0mGET /products [32m200[0m 17.358 ms - 695[0m
[0mGET /orders [32m200[0m 19.451 ms - 550[0m
[0mGET /inventory [32m200[0m 28.308 ms - 676[0m
[ProductService] Fetching all products and merging supplier names
[0mGET /products [36m304[0m 6.182 ms - -[0m
[0mGET /suppliers [36m304[0m 6.200 ms - -[0m
[InventoryService] Fetching inventory list and merging with product names
[0mGET /inventory [36m304[0m 6.232 ms - -[0m
[0mGET /suppliers [36m304[0m 2.359 ms - -[0m
[ReportingRepository] Executing query on View_InventoryStatus
[ReportingRepository] Calling sp_GetDailySalesSummary(2026-02-12, 2026-03-14)
[ReportingRepository] Calling sp_GetProductPerformance()
[0mGET /reports/inventory [32m200[0m 10.226 ms - 1081[0m
[0mGET /reports/sales [32m200[0m 11.621 ms - 132[0m
[0mGET /reports/performance [32m200[0m 13.021 ms - 429[0m
[ProductService] Fetching all products and merging supplier names
[0mGET /orders [36m304[0m 5.692 ms - -[0m
[0mGET /products [36m304[0m 5.883 ms - -[0m
[ProductService] Fetching all products and merging supplier names
[0mGET /products [36m304[0m 3.017 ms - -[0m
[ReportingRepository] Executing query on View_InventoryStatus
[0mGET /reports/inventory [36m304[0m 3.119 ms - -[0m
[ReportingRepository] Calling sp_GetDailySalesSummary(2026-02-12, 2026-03-14)
[ReportingRepository] Calling sp_GetProductPerformance()
[0mGET /reports/sales [36m304[0m 5.123 ms - -[0m
[0mGET /reports/performance [36m304[0m 6.085 ms - -[0m
[ProductService] Fetching all products and merging supplier names
[0mGET /products [36m304[0m 6.414 ms - -[0m
[0mGET /suppliers [36m304[0m 3.455 ms - -[0m
[InventoryService] Fetching inventory list and merging with product names
[0mGET /inventory [36m304[0m 5.521 ms - -[0m
[ProductService] Fetching all products and merging supplier names
[0mGET /products [36m304[0m 3.379 ms - -[0m
[0mGET /suppliers [36m304[0m 5.835 ms - -[0m
[ProductService] Fetching all products and merging supplier names
[0mGET /orders [36m304[0m 4.430 ms - -[0m
[0mGET /products [36m304[0m 4.615 ms - -[0m
[ProductService] Fetching all products and merging supplier names
[0mGET /products [36m304[0m 2.954 ms - -[0m
[ProductService] Fetching all products and merging supplier names
[0mGET /products [36m304[0m 5.459 ms - -[0m
[0mGET /suppliers [36m304[0m 1.834 ms - -[0m
[InventoryService] Fetching inventory list and merging with product names
[0mGET /inventory [36m304[0m 3.339 ms - -[0m
[ProductService] Fetching all products and merging supplier names
[0mGET /products [36m304[0m 5.059 ms - -[0m
[0mGET /suppliers [36m304[0m 4.175 ms - -[0m
[ReportingRepository] Executing query on View_InventoryStatus
[0mGET /reports/inventory [36m304[0m 7.750 ms - -[0m
[ReportingRepository] Calling sp_GetDailySalesSummary(2026-02-12, 2026-03-14)
[ReportingRepository] Calling sp_GetProductPerformance()
[0mGET /reports/sales [36m304[0m 6.378 ms - -[0m
[0mGET /reports/performance [36m304[0m 6.630 ms - -[0m
[0mGET /orders [36m304[0m 2.834 ms - -[0m
[ProductService] Fetching all products and merging supplier names
[0mGET /products [36m304[0m 2.532 ms - -[0m
[ProductService] Fetching all products and merging supplier names
[0mGET /products [36m304[0m 4.065 ms - -[0m
[ProductService] Fetching all products and merging supplier names
[0mGET /products [36m304[0m 2.568 ms - -[0m
[0mGET /suppliers [36m304[0m 2.087 ms - -[0m
[0mGET /orders [36m304[0m 2.880 ms - -[0m
[ProductService] Fetching all products and merging supplier names
[0mGET /products [36m304[0m 3.715 ms - -[0m
[ProductService] Fetching all products and merging supplier names
[0mGET /products [36m304[0m 2.656 ms - -[0m
[0mGET /suppliers [36m304[0m 3.227 ms - -[0m
[ReportingRepository] Executing query on View_InventoryStatus
[0mGET /reports/inventory [36m304[0m 6.139 ms - -[0m
[ReportingRepository] Calling sp_GetDailySalesSummary(2026-02-12, 2026-03-14)
[0mGET /reports/sales [36m304[0m 4.539 ms - -[0m
[ReportingRepository] Calling sp_GetProductPerformance()
[0mGET /reports/performance [36m304[0m 3.925 ms - -[0m
[InventoryService] Fetching inventory list and merging with product names
[0mGET /inventory [36m304[0m 5.968 ms - -[0m
[ProductService] Fetching all products and merging supplier names
[0mGET /products [36m304[0m 2.853 ms - -[0m
[0mGET /suppliers [36m304[0m 1.727 ms - -[0m
[0mGET /orders [36m304[0m 3.081 ms - -[0m
[ProductService] Fetching all products and merging supplier names
[0mGET /products [36m304[0m 3.186 ms - -[0m
[ProductService] Fetching all products and merging supplier names
[0mGET /products [36m304[0m 2.447 ms - -[0m
[ProductService] Fetching all products and merging supplier names
[0mGET /products [32m200[0m 2.338 ms - 695[0m
[0mGET / [36m304[0m 1.341 ms - -[0m
[0mGET /css/style.css [36m304[0m 1.922 ms - -[0m
[0mGET /js/dashboard.js [36m304[0m 2.693 ms - -[0m
[0mGET /js/api.js [32m200[0m 13.307 ms - 3694[0m
[0mGET /js/inventory.js [36m304[0m 4.600 ms - -[0m
[0mGET /js/suppliers.js [36m304[0m 6.120 ms - -[0m
[0mGET /js/views.js [32m200[0m 14.865 ms - 21211[0m
[0mGET /js/reports.js [36m304[0m 6.701 ms - -[0m
[0mGET /js/products.js [32m200[0m 17.952 ms - 7103[0m
[0mGET /js/router.js [36m304[0m 1.275 ms - -[0m
[0mGET /js/orders.js [32m200[0m 6.717 ms - 7030[0m
[ProductService] Fetching all products and merging supplier names
[InventoryService] Fetching inventory list and merging with product names
[0mGET /orders [36m304[0m 6.608 ms - -[0m
[0mGET /products [36m304[0m 10.201 ms - -[0m
[0mGET /inventory [36m304[0m 11.270 ms - -[0m
[ProductService] Fetching all products and merging supplier names
[0mGET /products [36m304[0m 5.301 ms - -[0m
[0mGET /suppliers [36m304[0m 5.125 ms - -[0m
[ProductService] Fetching all products and merging supplier names
[0mGET /products [36m304[0m 3.438 ms - -[0m
[InventoryService] Fetching inventory list and merging with product names
[0mGET /inventory [36m304[0m 3.412 ms - -[0m
[0mGET /suppliers [36m304[0m 1.831 ms - -[0m
[ReportingRepository] Executing query on View_InventoryStatus
[0mGET /reports/inventory [36m304[0m 4.158 ms - -[0m
[ReportingRepository] Calling sp_GetDailySalesSummary(2026-02-12, 2026-03-14)
[0mGET /reports/sales [36m304[0m 6.035 ms - -[0m
[ReportingRepository] Calling sp_GetProductPerformance()
[0mGET /reports/performance [36m304[0m 9.197 ms - -[0m
[0mGET /orders [36m304[0m 2.637 ms - -[0m
[ProductService] Fetching all products and merging supplier names
[0mGET /products [36m304[0m 3.380 ms - -[0m
[ProductService] Fetching all products and merging supplier names
[0mGET /products [36m304[0m 2.900 ms - -[0m
[0mGET / [36m304[0m 2.362 ms - -[0m
[0mGET /css/style.css [36m304[0m 1.132 ms - -[0m
[0mGET /js/api.js [36m304[0m 2.148 ms - -[0m
[0mGET /js/dashboard.js [36m304[0m 2.037 ms - -[0m
[0mGET /js/products.js [36m304[0m 2.273 ms - -[0m
[0mGET /js/views.js [32m200[0m 9.712 ms - 21245[0m
[0mGET /js/reports.js [36m304[0m 3.164 ms - -[0m
[0mGET /js/inventory.js [36m304[0m 3.596 ms - -[0m
[0mGET /js/suppliers.js [36m304[0m 5.074 ms - -[0m
[0mGET /js/router.js [36m304[0m 1.827 ms - -[0m
[0mGET /js/orders.js [32m200[0m 5.661 ms - 7044[0m
[ProductService] Fetching all products and merging supplier names
[InventoryService] Fetching inventory list and merging with product names
[0mGET /products [36m304[0m 6.487 ms - -[0m
[0mGET /orders [36m304[0m 7.663 ms - -[0m
[0mGET /inventory [36m304[0m 9.126 ms - -[0m
[ProductService] Fetching all products and merging supplier names
[0mGET /products [36m304[0m 2.720 ms - -[0m
[0mGET /suppliers [36m304[0m 1.778 ms - -[0m
[ProductService] Fetching all products and merging supplier names
[0mGET /products [36m304[0m 7.327 ms - -[0m
[0mGET /suppliers [36m304[0m 1.985 ms - -[0m
[InventoryService] Fetching inventory list and merging with product names
[0mGET /inventory [36m304[0m 6.550 ms - -[0m
[0mGET /suppliers [36m304[0m 2.508 ms - -[0m
[ReportingRepository] Executing query on View_InventoryStatus
[0mGET /reports/inventory [36m304[0m 6.710 ms - -[0m
[ReportingRepository] Calling sp_GetDailySalesSummary(2026-02-12, 2026-03-14)
[ReportingRepository] Calling sp_GetProductPerformance()
[0mGET /reports/sales [36m304[0m 3.993 ms - -[0m
[0mGET /reports/performance [36m304[0m 4.436 ms - -[0m
[0mGET /orders [36m304[0m 3.766 ms - -[0m
[ProductService] Fetching all products and merging supplier names
[0mGET /products [36m304[0m 8.774 ms - -[0m
[ProductService] Fetching all products and merging supplier names
[0mGET /products [36m304[0m 2.682 ms - -[0m
[InventoryService] Fetching inventory list and merging with product names
[0mGET /inventory [36m304[0m 5.446 ms - -[0m
[ProductService] Fetching all products and merging supplier names
[0mGET /products [36m304[0m 3.654 ms - -[0m
[0mGET /suppliers [36m304[0m 2.049 ms - -[0m
[ProductService] Fetching all products and merging supplier names
[0mGET /products [36m304[0m 3.211 ms - -[0m
[0mGET /suppliers [36m304[0m 2.894 ms - -[0m
[0mPUT /products/1 [33m404[0m 4.765 ms - 149[0m
[0mPUT /products/1 [33m404[0m 1.248 ms - 149[0m
[0mPUT /products/1 [33m404[0m 0.922 ms - 149[0m
[0mGET / [36m304[0m 0.751 ms - -[0m
[0mGET /css/style.css [36m304[0m 0.809 ms - -[0m
[0mGET /js/views.js [36m304[0m 2.103 ms - -[0m
[0mGET /js/dashboard.js [36m304[0m 3.409 ms - -[0m
[0mGET /js/api.js [32m200[0m 9.102 ms - 4025[0m
[0mGET /js/inventory.js [36m304[0m 3.492 ms - -[0m
[0mGET /js/suppliers.js [36m304[0m 4.062 ms - -[0m
[0mGET /js/products.js [36m304[0m 6.566 ms - -[0m
[0mGET /js/reports.js [36m304[0m 8.768 ms - -[0m
[0mGET /js/orders.js [36m304[0m 1.363 ms - -[0m
[0mGET /js/router.js [36m304[0m 2.037 ms - -[0m
[ProductService] Fetching all products and merging supplier names
[0mGET /products [36m304[0m 4.298 ms - -[0m
[0mGET /orders [36m304[0m 5.920 ms - -[0m
[InventoryService] Fetching inventory list and merging with product names
[0mGET /inventory [36m304[0m 8.471 ms - -[0m
[ProductService] Fetching all products and merging supplier names
[0mGET /products [36m304[0m 3.330 ms - -[0m
[0mGET /suppliers [36m304[0m 3.449 ms - -[0m
[ProductService] Fetching all products and merging supplier names
[0mGET /products [36m304[0m 6.610 ms - -[0m
[0mGET /suppliers [36m304[0m 1.461 ms - -[0m
[0mPUT /products/1 [33m404[0m 0.717 ms - 149[0m
[0mPOST /products [32m201[0m 8.230 ms - 106[0m
[ProductService] Fetching all products and merging supplier names
[0mGET /products [32m200[0m 2.357 ms - 822[0m
[InventoryService] Fetching inventory list and merging with product names
[0mGET /inventory [32m200[0m 2.696 ms - 800[0m
[ProductService] Fetching all products and merging supplier names
[0mGET /products [36m304[0m 4.067 ms - -[0m
[0mGET /suppliers [36m304[0m 1.678 ms - -[0m
[ProductService] Fetching all products and merging supplier names
[0mGET /products [36m304[0m 5.752 ms - -[0m
[0mGET /suppliers [36m304[0m 1.561 ms - -[0m
[0mPUT /products/6 [33m404[0m 0.895 ms - 149[0m
[0mGET / [36m304[0m 1.833 ms - -[0m
[0mGET /css/style.css [36m304[0m 0.727 ms - -[0m
[0mGET /js/views.js [36m304[0m 1.601 ms - -[0m
[0mGET /js/dashboard.js [36m304[0m 2.793 ms - -[0m
[0mGET /js/products.js [36m304[0m 3.358 ms - -[0m
[0mGET /js/api.js [32m200[0m 8.816 ms - 4217[0m
[0mGET /js/inventory.js [36m304[0m 5.613 ms - -[0m
[0mGET /js/suppliers.js [36m304[0m 2.071 ms - -[0m
[0mGET /js/orders.js [36m304[0m 2.432 ms - -[0m
[0mGET /js/reports.js [36m304[0m 2.745 ms - -[0m
[0mGET /js/router.js [36m304[0m 3.207 ms - -[0m
[ProductService] Fetching all products and merging supplier names
[InventoryService] Fetching inventory list and merging with product names
[0mGET /products [36m304[0m 6.090 ms - -[0m
[0mGET /orders [36m304[0m 7.230 ms - -[0m
[0mGET /inventory [36m304[0m 8.431 ms - -[0m
[ProductService] Fetching all products and merging supplier names
[0mGET /products [36m304[0m 3.788 ms - -[0m
[0mGET /suppliers [36m304[0m 3.517 ms - -[0m
[ProductService] Fetching all products and merging supplier names
[0mGET /products [36m304[0m 5.686 ms - -[0m
[0mGET /suppliers [36m304[0m 1.616 ms - -[0m
[0mPUT /products/6 [33m404[0m 0.762 ms - 149[0m
[0mPUT /products/6 [33m404[0m 0.989 ms - 149[0m
[0mPUT /products/6 [33m404[0m 0.838 ms - 149[0m
[0mPUT /products/6 [33m404[0m 0.953 ms - 149[0m
[0mPUT /products/6 [33m404[0m 0.691 ms - 149[0m
[0mPUT /products/6 [33m404[0m 1.034 ms - 149[0m
[0mPUT /products/6 [33m404[0m 1.046 ms - 149[0m
[0mPUT /products/6 [33m404[0m 0.793 ms - 149[0m
[0mPUT /products/6 [33m404[0m 0.819 ms - 149[0m
[0mGET /css/style.css [36m304[0m 0.789 ms - -[0m
[0mGET /.well-known/appspecific/com.chrome.devtools.json [33m404[0m 1.457 ms - 187[0m
[ProductService] Fetching all products and merging supplier names
[0mGET /products [32m200[0m 3.047 ms - 822[0m
[0mPUT /products/1 [33m404[0m 0.680 ms - 149[0m
[0mPUT /products/1 [33m404[0m 0.541 ms - 149[0m
[0mGET / [36m304[0m 1.473 ms - -[0m
[0mGET /css/style.css [36m304[0m 1.655 ms - -[0m
[0mGET /js/api.js [36m304[0m 2.253 ms - -[0m
[0mGET /js/views.js [36m304[0m 2.935 ms - -[0m
[0mGET /js/dashboard.js [36m304[0m 3.510 ms - -[0m
[0mGET /js/products.js [36m304[0m 4.156 ms - -[0m
[0mGET /js/suppliers.js [36m304[0m 5.570 ms - -[0m
[0mGET /js/inventory.js [36m304[0m 2.309 ms - -[0m
[0mGET /js/reports.js [36m304[0m 3.671 ms - -[0m
[0mGET /js/orders.js [36m304[0m 2.288 ms - -[0m
[0mGET /js/router.js [36m304[0m 2.808 ms - -[0m
[ProductService] Fetching all products and merging supplier names
[InventoryService] Fetching inventory list and merging with product names
[0mGET /products [36m304[0m 5.997 ms - -[0m
[0mGET /orders [36m304[0m 7.063 ms - -[0m
[0mGET /inventory [36m304[0m 8.608 ms - -[0m
[ProductService] Fetching all products and merging supplier names
[0mGET /products [36m304[0m 3.959 ms - -[0m
[0mGET /suppliers [36m304[0m 4.593 ms - -[0m
[ProductService] Fetching all products and merging supplier names
[0mGET /products [36m304[0m 2.933 ms - -[0m
[0mGET /suppliers [36m304[0m 1.404 ms - -[0m
[0mPUT /products/6 [33m404[0m 1.282 ms - 149[0m
[0mGET /favicon.ico [33m404[0m 1.018 ms - 150[0m
[0mGET / [36m304[0m 1.162 ms - -[0m
[0mGET /css/style.css [36m304[0m 0.716 ms - -[0m
[0mGET /js/api.js [36m304[0m 0.641 ms - -[0m
[0mGET /js/views.js [36m304[0m 0.572 ms - -[0m
[0mGET /js/products.js [36m304[0m 0.718 ms - -[0m
[0mGET /js/dashboard.js [36m304[0m 1.450 ms - -[0m
[0mGET /js/inventory.js [36m304[0m 1.128 ms - -[0m
[0mGET /js/suppliers.js [36m304[0m 1.108 ms - -[0m
[0mGET /js/reports.js [36m304[0m 2.514 ms - -[0m
[0mGET /js/orders.js [36m304[0m 1.716 ms - -[0m
[0mGET /js/router.js [36m304[0m 1.858 ms - -[0m
[ProductService] Fetching all products and merging supplier names
[0mGET /products [36m304[0m 3.311 ms - -[0m
[InventoryService] Fetching inventory list and merging with product names
[0mGET /orders [36m304[0m 5.002 ms - -[0m
[0mGET /inventory [36m304[0m 3.313 ms - -[0m
[ProductService] Fetching all products and merging supplier names
[0mGET /products [36m304[0m 3.836 ms - -[0m
[0mGET /suppliers [36m304[0m 4.735 ms - -[0m
[ProductService] Fetching all products and merging supplier names
[0mGET /products [36m304[0m 5.491 ms - -[0m
[0mGET /suppliers [36m304[0m 1.590 ms - -[0m
[0mPUT /products/6 [33m404[0m 0.854 ms - 149[0m
